Using pre-set license
Built from '2020.3/release' branch; Version is '2020.3.15f2 (6cf78cb77498) revision 7141260'; Using compiler version '192528614'; Build Type 'Release'
OS: 'Windows 10 Pro; OS build 19042.1110; Version 2009; 64bit' Language: 'ru' Physical Memory: 4093 MB
BatchMode: 1, IsHumanControllingUs: 0, StartBugReporterOnCrash: 0, Is64bit: 1, IsPro: 0

 COMMAND LINE ARGUMENTS:
C:\Program Files\Unity-editors\2020.3.15f2\Editor\Unity.exe
-adb2
-batchMode
-noUpm
-name
AssetImportWorker0
-projectPath
C:/Program Files/Unity-project/3DProject
-logFile
Logs/AssetImportWorker0.log
-srvPort
53759
Successfully changed project path to: C:/Program Files/Unity-project/3DProject
C:/Program Files/Unity-project/3DProject
Using Asset Import Pipeline V2.
Refreshing native plugins compatible for Editor in 72.90 ms, found 2 plugins.
Preloading 0 native plugins for Editor in 0.00 ms.
Initialize engine version: 2020.3.15f2 (6cf78cb77498)
[Subsystems] Discovering subsystems at path C:/Program Files/Unity-editors/2020.3.15f2/Editor/Data/Resources/UnitySubsystems
[Subsystems] Discovering subsystems at path C:/Program Files/Unity-project/3DProject/Assets
GfxDevice: creating device client; threaded=0
Direct3D:
    Version:  Direct3D 11.0 [level 11.0]
    Renderer: NVIDIA GeForce GTX 650 (ID=0xfc6)
    Vendor:   
    VRAM:     984 MB
    Driver:   27.21.14.5671
Initialize mono
Mono path[0] = 'C:/Program Files/Unity-editors/2020.3.15f2/Editor/Data/Managed'
Mono path[1] = 'C:/Program Files/Unity-editors/2020.3.15f2/Editor/Data/MonoBleedingEdge/lib/mono/unityjit'
Mono config path = 'C:/Program Files/Unity-editors/2020.3.15f2/Editor/Data/MonoBleedingEdge/etc'
Using monoOptions --debugger-agent=transport=dt_socket,embedding=1,server=y,suspend=n,address=127.0.0.1:56260
Begin MonoManager ReloadAssembly
Registering precompiled unity dll's ...
Register platform support module: C:/Program Files/Unity-editors/2020.3.15f2/Editor/Data/PlaybackEngines/WindowsStandaloneSupport/UnityEditor.WindowsStandalone.Extensions.dll
Registered in 0.003148 seconds.
Native extension for WindowsStandalone target not found
Refreshing native plugins compatible for Editor in 69.01 ms, found 2 plugins.
Preloading 0 native plugins for Editor in 0.00 ms.
Mono: successfully reloaded assembly
- Completed reload, in  1.778 seconds
Domain Reload Profiling:
	ReloadAssembly (1779ms)
		BeginReloadAssembly (85ms)
			ExecutionOrderSort (0ms)
			DisableScriptedObjects (0ms)
			BackupInstance (0ms)
			ReleaseScriptingObjects (0ms)
			CreateAndSetChildDomain (1ms)
		EndReloadAssembly (764ms)
			LoadAssemblies (81ms)
			RebuildTransferFunctionScriptingTraits (0ms)
			SetupTypeCache (304ms)
			ReleaseScriptCaches (0ms)
			RebuildScriptCaches (54ms)
			SetupLoadedEditorAssemblies (269ms)
				LogAssemblyErrors (0ms)
				InitializePlatformSupportModulesInManaged (6ms)
				SetLoadedEditorAssemblies (0ms)
				RefreshPlugins (69ms)
				BeforeProcessingInitializeOnLoad (21ms)
				ProcessInitializeOnLoadAttributes (125ms)
				ProcessInitializeOnLoadMethodAttributes (47ms)
				AfterProcessingInitializeOnLoad (0ms)
				EditorAssembliesLoaded (0ms)
			ExecutionOrderSort2 (0ms)
			AwakeInstancesAfterBackupRestoration (0ms)
Platform modules already initialized, skipping
Registering precompiled user dll's ...
Registered in 0.006852 seconds.
Begin MonoManager ReloadAssembly
Native extension for WindowsStandalone target not found
Refreshing native plugins compatible for Editor in 0.69 ms, found 2 plugins.
Preloading 0 native plugins for Editor in 0.00 ms.
Mono: successfully reloaded assembly
- Completed reload, in  1.917 seconds
Domain Reload Profiling:
	ReloadAssembly (1918ms)
		BeginReloadAssembly (258ms)
			ExecutionOrderSort (0ms)
			DisableScriptedObjects (8ms)
			BackupInstance (0ms)
			ReleaseScriptingObjects (0ms)
			CreateAndSetChildDomain (29ms)
		EndReloadAssembly (1547ms)
			LoadAssemblies (139ms)
			RebuildTransferFunctionScriptingTraits (0ms)
			SetupTypeCache (524ms)
			ReleaseScriptCaches (1ms)
			RebuildScriptCaches (80ms)
			SetupLoadedEditorAssemblies (638ms)
				LogAssemblyErrors (0ms)
				InitializePlatformSupportModulesInManaged (8ms)
				SetLoadedEditorAssemblies (1ms)
				RefreshPlugins (1ms)
				BeforeProcessingInitializeOnLoad (144ms)
				ProcessInitializeOnLoadAttributes (468ms)
				ProcessInitializeOnLoadMethodAttributes (7ms)
				AfterProcessingInitializeOnLoad (10ms)
				EditorAssembliesLoaded (0ms)
			ExecutionOrderSort2 (0ms)
			AwakeInstancesAfterBackupRestoration (10ms)
Platform modules already initialized, skipping
========================================================================
Worker process is ready to serve import requests
Launched and connected shader compiler UnityShaderCompiler.exe after 0.12 seconds
Refreshing native plugins compatible for Editor in 0.71 ms, found 2 plugins.
Preloading 0 native plugins for Editor in 0.00 ms.
Unloading 1529 Unused Serialized files (Serialized files now loaded: 0)
System memory in use before: 92.2 MB.
System memory in use after: 91.9 MB.

Unloading 21 unused Assets to reduce memory usage. Loaded Objects now: 1990.
Total: 5.709200 ms (FindLiveObjects: 0.307000 ms CreateObjectMapping: 0.092600 ms MarkObjects: 4.320100 ms  DeleteObjects: 0.987800 ms)

AssetImportParameters requested are different than current active one (requested -> active):
  custom:framework-win-MediaFoundation: 216162199b28c13a410421893ffa2e32 -> 
  custom:video-decoder-ogg-theora: a1e56fd34408186e4bbccfd4996cb3dc -> 
  custom:container-muxer-webm: aa71ff27fc2769a1b78a27578f13a17b -> 
  custom:container-demuxer-webm: 4f35f7cbe854078d1ac9338744f61a02 -> 
  custom:container-demuxer-ogg: 62fdf1f143b41e24485cea50d1cbac27 -> 
  custom:video-encoder-webm-vp8: eb34c28f22e8b96e1ab97ce403110664 -> 
  custom:video-decoder-webm-vp8: 9c59270c3fd7afecdb556c50c9e8de78 -> 
  custom:audio-decoder-ogg-vorbis: bf7c407c2cedff20999df2af8eb42d56 -> 
  custom:audio-encoder-webm-vorbis: bf7c407c2cedff20999df2af8eb42d56 -> 
========================================================================
Received Import Request.
  path: Assets/Bizulka/Witchs_house/Prefabs/vessel_3.prefab
  artifactKey: Guid(6ec98d5379f963149a2ae1800c3d072d) Importer(815301076,1909f56bfc062723c751e8b465ee728b)
Start importing Assets/Bizulka/Witchs_house/Prefabs/vessel_3.prefab using Guid(6ec98d5379f963149a2ae1800c3d072d) Importer(815301076,1909f56bfc062723c751e8b465ee728b)  -> (artifact id: 'f549c1e828f2f9c606e4e6d25b870542') in 0.351099 seconds 
  Import took 0.357441 seconds .

========================================================================
Received Import Request.
  Time since last request: 0.000302 seconds.
  path: Assets/Bizulka/Witchs_house/Prefabs/Witchs_house.prefab
  artifactKey: Guid(b8cb952614600b544b502cdcb6cd29c0) Importer(815301076,1909f56bfc062723c751e8b465ee728b)
Start importing Assets/Bizulka/Witchs_house/Prefabs/Witchs_house.prefab using Guid(b8cb952614600b544b502cdcb6cd29c0) Importer(815301076,1909f56bfc062723c751e8b465ee728b)  -> (artifact id: '2d5036348ca20c3cdcff212ebb65e0b3') in 0.090756 seconds 
  Import took 0.095737 seconds .

========================================================================
Received Import Request.
  Time since last request: 0.000254 seconds.
  path: Assets/Bizulka/Witchs_house/Models/scoop.fbx
  artifactKey: Guid(c3d319025eaa96d4abb07691f4786665) Importer(815301076,1909f56bfc062723c751e8b465ee728b)
Start importing Assets/Bizulka/Witchs_house/Models/scoop.fbx using Guid(c3d319025eaa96d4abb07691f4786665) Importer(815301076,1909f56bfc062723c751e8b465ee728b)  -> (artifact id: '2305b3701103610fdb150939c2b3ae1e') in 0.153574 seconds 
  Import took 0.158601 seconds .

========================================================================
Received Import Request.
  Time since last request: 0.000287 seconds.
  path: Assets/Bizulka/Witchs_house/Prefabs/frewood_1.prefab
  artifactKey: Guid(597bc9826ef14f048901936686d2295a) Importer(815301076,1909f56bfc062723c751e8b465ee728b)
Start importing Assets/Bizulka/Witchs_house/Prefabs/frewood_1.prefab using Guid(597bc9826ef14f048901936686d2295a) Importer(815301076,1909f56bfc062723c751e8b465ee728b)  -> (artifact id: '062f14ffd48fbc83f875a93e6fb172ba') in 0.146296 seconds 
  Import took 0.151031 seconds .

========================================================================
Received Import Request.
  Time since last request: 0.000331 seconds.
  path: Assets/Bizulka/Witchs_house/Prefabs/vessel.prefab
  artifactKey: Guid(1313ab7a160ccfd4c8d3fc4e33fdc2be) Importer(815301076,1909f56bfc062723c751e8b465ee728b)
Start importing Assets/Bizulka/Witchs_house/Prefabs/vessel.prefab using Guid(1313ab7a160ccfd4c8d3fc4e33fdc2be) Importer(815301076,1909f56bfc062723c751e8b465ee728b)  -> (artifact id: '3d22dad975eaae92288f45e852c3241b') in 0.077068 seconds 
  Import took 0.082428 seconds .

========================================================================
Received Import Request.
  Time since last request: 0.000286 seconds.
  path: Assets/Bizulka/Witchs_house/Models/Board.fbx
  artifactKey: Guid(bd57ff709aecdc44aa2d0ed81770d952) Importer(815301076,1909f56bfc062723c751e8b465ee728b)
Start importing Assets/Bizulka/Witchs_house/Models/Board.fbx using Guid(bd57ff709aecdc44aa2d0ed81770d952) Importer(815301076,1909f56bfc062723c751e8b465ee728b)  -> (artifact id: '3ae93e68442abc9699c6c492120453b2') in 0.063064 seconds 
  Import took 0.068758 seconds .

========================================================================
Received Import Request.
  Time since last request: 0.000483 seconds.
  path: Assets/Bizulka/Witchs_house/Models/vat.fbx
  artifactKey: Guid(431acc3953c945e459534413757f5cd6) Importer(815301076,1909f56bfc062723c751e8b465ee728b)
Start importing Assets/Bizulka/Witchs_house/Models/vat.fbx using Guid(431acc3953c945e459534413757f5cd6) Importer(815301076,1909f56bfc062723c751e8b465ee728b)  -> (artifact id: '5756ce5ef1179f25d0830c6c012c6721') in 0.091325 seconds 
  Import took 0.097164 seconds .

========================================================================
Received Import Request.
  Time since last request: 0.000274 seconds.
  path: Assets/Bizulka/Witchs_house/Models/well.fbx
  artifactKey: Guid(2a2a6f2ff26a5404c88d27288c68534e) Importer(815301076,1909f56bfc062723c751e8b465ee728b)
Start importing Assets/Bizulka/Witchs_house/Models/well.fbx using Guid(2a2a6f2ff26a5404c88d27288c68534e) Importer(815301076,1909f56bfc062723c751e8b465ee728b)  -> (artifact id: 'c568ef5bb97bd7a141f2453ad9b5a9a7') in 0.071302 seconds 
  Import took 0.076754 seconds .

========================================================================
Received Import Request.
  Time since last request: 0.000278 seconds.
  path: Assets/Bizulka/Witchs_house/Prefabs/table.prefab
  artifactKey: Guid(16ecce9cc728dbf4284b95589f19b796) Importer(815301076,1909f56bfc062723c751e8b465ee728b)
Start importing Assets/Bizulka/Witchs_house/Prefabs/table.prefab using Guid(16ecce9cc728dbf4284b95589f19b796) Importer(815301076,1909f56bfc062723c751e8b465ee728b)  -> (artifact id: 'bce2abafe11504b38281fb9b2bdb93ee') in 0.091468 seconds 
  Import took 0.096842 seconds .

========================================================================
Received Import Request.
  Time since last request: 0.000324 seconds.
  path: Assets/Bizulka/Witchs_house/Models/frewood_1.fbx
  artifactKey: Guid(40cd11802fc33f548a817ee6288b0595) Importer(815301076,1909f56bfc062723c751e8b465ee728b)
Start importing Assets/Bizulka/Witchs_house/Models/frewood_1.fbx using Guid(40cd11802fc33f548a817ee6288b0595) Importer(815301076,1909f56bfc062723c751e8b465ee728b)  -> (artifact id: '8886ac5222c2370078eaa96acf0264f0') in 0.053703 seconds 
  Import took 0.058411 seconds .

========================================================================
Received Import Request.
  Time since last request: 0.000415 seconds.
  path: Assets/Bizulka/Witchs_house/Prefabs/scoop.prefab
  artifactKey: Guid(1a84c1e1be9611c44bca862dba8ea036) Importer(815301076,1909f56bfc062723c751e8b465ee728b)
Start importing Assets/Bizulka/Witchs_house/Prefabs/scoop.prefab using Guid(1a84c1e1be9611c44bca862dba8ea036) Importer(815301076,1909f56bfc062723c751e8b465ee728b)  -> (artifact id: '41c6e8ed7016b4ebc1bbd48a0ae5da08') in 0.053952 seconds 
  Import took 0.059258 seconds .

========================================================================
Received Import Request.
  Time since last request: 0.000319 seconds.
  path: Assets/Bizulka/Witchs_house/Prefabs/frewood.prefab
  artifactKey: Guid(1fabff429656a5947b5c10c58e5d68f0) Importer(815301076,1909f56bfc062723c751e8b465ee728b)
Start importing Assets/Bizulka/Witchs_house/Prefabs/frewood.prefab using Guid(1fabff429656a5947b5c10c58e5d68f0) Importer(815301076,1909f56bfc062723c751e8b465ee728b)  -> (artifact id: '51425766266bf7ee877e83cccd49e245') in 0.060186 seconds 
  Import took 0.065050 seconds .

========================================================================
Received Import Request.
  Time since last request: 0.000300 seconds.
  path: Assets/Bizulka/Witchs_house/Models/Witchs_house.fbx
  artifactKey: Guid(1da38fb91a9e9104681f0446eea03f14) Importer(815301076,1909f56bfc062723c751e8b465ee728b)
Start importing Assets/Bizulka/Witchs_house/Models/Witchs_house.fbx using Guid(1da38fb91a9e9104681f0446eea03f14) Importer(815301076,1909f56bfc062723c751e8b465ee728b)  -> (artifact id: 'ab5dc5f86b351a1fc41eaad613cc3586') in 0.053686 seconds 
  Import took 0.058652 seconds .

========================================================================
Received Import Request.
  Time since last request: 0.000293 seconds.
  path: Assets/Bizulka/Witchs_house/Models/Pointer.fbx
  artifactKey: Guid(5fee5a7b5f6a35647857cc4a02a1d72b) Importer(815301076,1909f56bfc062723c751e8b465ee728b)
Start importing Assets/Bizulka/Witchs_house/Models/Pointer.fbx using Guid(5fee5a7b5f6a35647857cc4a02a1d72b) Importer(815301076,1909f56bfc062723c751e8b465ee728b)  -> (artifact id: 'a0102a00b43027a1d17611ced9d0b8c5') in 0.070135 seconds 
  Import took 0.074466 seconds .

========================================================================
Received Import Request.
  Time since last request: 0.000301 seconds.
  path: Assets/Bizulka/Witchs_house/Models/axe.fbx
  artifactKey: Guid(db8bccf463bb4634d83716f3efd4d455) Importer(815301076,1909f56bfc062723c751e8b465ee728b)
Start importing Assets/Bizulka/Witchs_house/Models/axe.fbx using Guid(db8bccf463bb4634d83716f3efd4d455) Importer(815301076,1909f56bfc062723c751e8b465ee728b)  -> (artifact id: '38772488676d8c788caed21891ac30b5') in 0.034542 seconds 
  Import took 0.038560 seconds .

========================================================================
Received Import Request.
  Time since last request: 0.000239 seconds.
  path: Assets/Bizulka/Witchs_house/Models/vessel_3.fbx
  artifactKey: Guid(db7c85aaa26343042befaf6161c8ae84) Importer(815301076,1909f56bfc062723c751e8b465ee728b)
Start importing Assets/Bizulka/Witchs_house/Models/vessel_3.fbx using Guid(db7c85aaa26343042befaf6161c8ae84) Importer(815301076,1909f56bfc062723c751e8b465ee728b)  -> (artifact id: '2b063e8f0b7c55dc05ba85ed4d0d9c68') in 0.027668 seconds 
  Import took 0.031869 seconds .

========================================================================
Received Import Request.
  Time since last request: 0.000353 seconds.
  path: Assets/Bizulka/Witchs_house/Models/frewood.fbx
  artifactKey: Guid(bc93e298495204441b33343ed5864074) Importer(815301076,1909f56bfc062723c751e8b465ee728b)
Start importing Assets/Bizulka/Witchs_house/Models/frewood.fbx using Guid(bc93e298495204441b33343ed5864074) Importer(815301076,1909f56bfc062723c751e8b465ee728b)  -> (artifact id: '327fffb41265a873c6cca33f48b78353') in 0.039188 seconds 
  Import took 0.045236 seconds .

========================================================================
Received Import Request.
  Time since last request: 0.000272 seconds.
  path: Assets/Bizulka/Witchs_house/Models/vessel_2.fbx
  artifactKey: Guid(fdd0bec999c3fae4aa730f3391638df5) Importer(815301076,1909f56bfc062723c751e8b465ee728b)
Start importing Assets/Bizulka/Witchs_house/Models/vessel_2.fbx using Guid(fdd0bec999c3fae4aa730f3391638df5) Importer(815301076,1909f56bfc062723c751e8b465ee728b)  -> (artifact id: '2c1a2bff6896857c21d02b881ad0f5da') in 0.086148 seconds 
  Import took 0.090094 seconds .

========================================================================
Received Import Request.
  Time since last request: 0.000347 seconds.
  path: Assets/Bizulka/Witchs_house/Prefabs/Broom.prefab
  artifactKey: Guid(57b30364b5b0f4c4692a46782c14d2bd) Importer(815301076,1909f56bfc062723c751e8b465ee728b)
Start importing Assets/Bizulka/Witchs_house/Prefabs/Broom.prefab using Guid(57b30364b5b0f4c4692a46782c14d2bd) Importer(815301076,1909f56bfc062723c751e8b465ee728b)  -> (artifact id: 'ea9ae8325cacffdae8e0d7275ae5f731') in 0.070453 seconds 
  Import took 0.075296 seconds .

========================================================================
Received Import Request.
  Time since last request: 0.000278 seconds.
  path: Assets/Bizulka/Witchs_house/Prefabs/Pointer.prefab
  artifactKey: Guid(58de58a8ad0360e4a8aa08535edf42d5) Importer(815301076,1909f56bfc062723c751e8b465ee728b)
Start importing Assets/Bizulka/Witchs_house/Prefabs/Pointer.prefab using Guid(58de58a8ad0360e4a8aa08535edf42d5) Importer(815301076,1909f56bfc062723c751e8b465ee728b)  -> (artifact id: '28c0ed8fc816a381b8a156fe7bbef220') in 0.053270 seconds 
  Import took 0.057987 seconds .

========================================================================
Received Import Request.
  Time since last request: 0.000277 seconds.
  path: Assets/Bizulka/Witchs_house/Models/Stones.fbx
  artifactKey: Guid(9e87ef85d624aa74b964f4ea9d9e517b) Importer(815301076,1909f56bfc062723c751e8b465ee728b)
Start importing Assets/Bizulka/Witchs_house/Models/Stones.fbx using Guid(9e87ef85d624aa74b964f4ea9d9e517b) Importer(815301076,1909f56bfc062723c751e8b465ee728b)  -> (artifact id: '4ab2b8a242049a7710c9064491c174fd') in 0.067413 seconds 
  Import took 0.071605 seconds .

========================================================================
Received Import Request.
  Time since last request: 0.000264 seconds.
  path: Assets/Bizulka/Witchs_house/Prefabs/axe.prefab
  artifactKey: Guid(a966a24842bb4d84783e345d8ccccdae) Importer(815301076,1909f56bfc062723c751e8b465ee728b)
Start importing Assets/Bizulka/Witchs_house/Prefabs/axe.prefab using Guid(a966a24842bb4d84783e345d8ccccdae) Importer(815301076,1909f56bfc062723c751e8b465ee728b)  -> (artifact id: 'f221c78a5b0096d12a230a593276db7e') in 0.055469 seconds 
  Import took 0.060577 seconds .

========================================================================
Received Import Request.
  Time since last request: 0.000298 seconds.
  path: Assets/Bizulka/Witchs_house/Prefabs/vat.prefab
  artifactKey: Guid(773fdcbd8f9b613428ed605e592a5f62) Importer(815301076,1909f56bfc062723c751e8b465ee728b)
Start importing Assets/Bizulka/Witchs_house/Prefabs/vat.prefab using Guid(773fdcbd8f9b613428ed605e592a5f62) Importer(815301076,1909f56bfc062723c751e8b465ee728b)  -> (artifact id: 'adcf31b3cf93d620e223745abccd87c5') in 0.054968 seconds 
  Import took 0.060077 seconds .

========================================================================
Received Import Request.
  Time since last request: 0.000282 seconds.
  path: Assets/Bizulka/Witchs_house/Models/stool.fbx
  artifactKey: Guid(b9f3d11dae673e743bff5e76460c4b27) Importer(815301076,1909f56bfc062723c751e8b465ee728b)
Start importing Assets/Bizulka/Witchs_house/Models/stool.fbx using Guid(b9f3d11dae673e743bff5e76460c4b27) Importer(815301076,1909f56bfc062723c751e8b465ee728b)  -> (artifact id: '3e79eab35c818273839ef05ecb44dc06') in 0.077056 seconds 
  Import took 0.096148 seconds .

========================================================================
Received Import Request.
  Time since last request: 0.000282 seconds.
  path: Assets/Bizulka/Witchs_house/Prefabs/vessel_2.prefab
  artifactKey: Guid(e2abddf6f84ba3c44bb9cb6a368e288e) Importer(815301076,1909f56bfc062723c751e8b465ee728b)
Start importing Assets/Bizulka/Witchs_house/Prefabs/vessel_2.prefab using Guid(e2abddf6f84ba3c44bb9cb6a368e288e) Importer(815301076,1909f56bfc062723c751e8b465ee728b)  -> (artifact id: 'b842b46c7cfc58b08469ca4965f16e50') in 0.056534 seconds 
  Import took 0.106972 seconds .

========================================================================
Received Import Request.
  Time since last request: 0.000310 seconds.
  path: Assets/Bizulka/Witchs_house/Models/Broom.fbx
  artifactKey: Guid(7afc29f9991e61145a362b3ae4edf13e) Importer(815301076,1909f56bfc062723c751e8b465ee728b)
Start importing Assets/Bizulka/Witchs_house/Models/Broom.fbx using Guid(7afc29f9991e61145a362b3ae4edf13e) Importer(815301076,1909f56bfc062723c751e8b465ee728b)  -> (artifact id: 'c7ad2815643003eaa99dd95d4950265d') in 0.084213 seconds 
  Import took 0.093000 seconds .

========================================================================
Received Import Request.
  Time since last request: 0.000344 seconds.
  path: Assets/Bizulka/Witchs_house/Models/vessel.fbx
  artifactKey: Guid(1ed9919fe6b9f5649accde60593660ef) Importer(815301076,1909f56bfc062723c751e8b465ee728b)
Start importing Assets/Bizulka/Witchs_house/Models/vessel.fbx using Guid(1ed9919fe6b9f5649accde60593660ef) Importer(815301076,1909f56bfc062723c751e8b465ee728b)  -> (artifact id: 'ea706bf9200af7c38031a11dd14602ee') in 0.058256 seconds 
  Import took 0.077739 seconds .

========================================================================
Received Import Request.
  Time since last request: 0.000307 seconds.
  path: Assets/Bizulka/Witchs_house/Prefabs/vessel_1.prefab
  artifactKey: Guid(6410c48c3cbac294bb361556292ee964) Importer(815301076,1909f56bfc062723c751e8b465ee728b)
Start importing Assets/Bizulka/Witchs_house/Prefabs/vessel_1.prefab using Guid(6410c48c3cbac294bb361556292ee964) Importer(815301076,1909f56bfc062723c751e8b465ee728b)  -> (artifact id: 'ce49fd6fde40ad97889878283a65af41') in 0.100313 seconds 
  Import took 0.105203 seconds .

========================================================================
Received Import Request.
  Time since last request: 0.000269 seconds.
  path: Assets/Bizulka/Witchs_house/Prefabs/well.prefab
  artifactKey: Guid(196e176e4da73bf449dba8cd3bb4a986) Importer(815301076,1909f56bfc062723c751e8b465ee728b)
Start importing Assets/Bizulka/Witchs_house/Prefabs/well.prefab using Guid(196e176e4da73bf449dba8cd3bb4a986) Importer(815301076,1909f56bfc062723c751e8b465ee728b)  -> (artifact id: '1e25723cbf41b479ac862f0873a45b88') in 0.055338 seconds 
  Import took 0.060160 seconds .

========================================================================
Received Import Request.
  Time since last request: 0.000260 seconds.
  path: Assets/Bizulka/Witchs_house/Models
  artifactKey: Guid(230b51d1342d6be48a9b1a78b078f634) Importer(815301076,1909f56bfc062723c751e8b465ee728b)
Start importing Assets/Bizulka/Witchs_house/Models using Guid(230b51d1342d6be48a9b1a78b078f634) Importer(815301076,1909f56bfc062723c751e8b465ee728b)  -> (artifact id: '54c48e87e157cf775ee0cba9ab90f54a') in 0.010091 seconds 
  Import took 0.016441 seconds .

========================================================================
Received Import Request.
  Time since last request: 0.000303 seconds.
  path: Assets/Bizulka/Witchs_house/Models/vessel_1.fbx
  artifactKey: Guid(c7764da22a5c85f448a422fe9a9576f8) Importer(815301076,1909f56bfc062723c751e8b465ee728b)
Start importing Assets/Bizulka/Witchs_house/Models/vessel_1.fbx using Guid(c7764da22a5c85f448a422fe9a9576f8) Importer(815301076,1909f56bfc062723c751e8b465ee728b)  -> (artifact id: '2545cd73e5eee78afaa62973dce6d29c') in 0.043768 seconds 
  Import took 0.048210 seconds .

========================================================================
Received Import Request.
  Time since last request: 0.000287 seconds.
  path: Assets/Bizulka/Witchs_house/Prefabs/Board.prefab
  artifactKey: Guid(9ddfbd2a91f28cb418b79fb4678c09dd) Importer(815301076,1909f56bfc062723c751e8b465ee728b)
Start importing Assets/Bizulka/Witchs_house/Prefabs/Board.prefab using Guid(9ddfbd2a91f28cb418b79fb4678c09dd) Importer(815301076,1909f56bfc062723c751e8b465ee728b)  -> (artifact id: '0bb96a25bbbfd0be25062e9b41f37386') in 0.036735 seconds 
  Import took 0.042893 seconds .

========================================================================
Received Import Request.
  Time since last request: 0.000285 seconds.
  path: Assets/Bizulka/Witchs_house/Prefabs/stool.prefab
  artifactKey: Guid(087a693ae9f07e6489ebeb1aa8717d12) Importer(815301076,1909f56bfc062723c751e8b465ee728b)
Start importing Assets/Bizulka/Witchs_house/Prefabs/stool.prefab using Guid(087a693ae9f07e6489ebeb1aa8717d12) Importer(815301076,1909f56bfc062723c751e8b465ee728b)  -> (artifact id: 'c3622729a569ea01aaf31dd823a54abe') in 0.037740 seconds 
  Import took 0.044886 seconds .

========================================================================
Received Import Request.
  Time since last request: 0.000503 seconds.
  path: Assets/Bizulka/Witchs_house/Prefabs/Stones.prefab
  artifactKey: Guid(8cd95076da3c6fb4e90fb42edf7160dd) Importer(815301076,1909f56bfc062723c751e8b465ee728b)
Start importing Assets/Bizulka/Witchs_house/Prefabs/Stones.prefab using Guid(8cd95076da3c6fb4e90fb42edf7160dd) Importer(815301076,1909f56bfc062723c751e8b465ee728b)  -> (artifact id: '96061ccbc0416acb6a7720fbc0974504') in 0.038712 seconds 
  Import took 0.044322 seconds .

========================================================================
Received Import Request.
  Time since last request: 0.000315 seconds.
  path: Assets/Bizulka/Witchs_house/Models/table.fbx
  artifactKey: Guid(4cf89cf5a0be2c840add8063ea405410) Importer(815301076,1909f56bfc062723c751e8b465ee728b)
Start importing Assets/Bizulka/Witchs_house/Models/table.fbx using Guid(4cf89cf5a0be2c840add8063ea405410) Importer(815301076,1909f56bfc062723c751e8b465ee728b)  -> (artifact id: 'bd0b2c8435a38c87f10d42d36f72b090') in 0.054570 seconds 
  Import took 0.058691 seconds .

========================================================================
Received Import Request.
  Time since last request: 65.103606 seconds.
  path: Assets/Bizulka/Witchs_house/Test_scene.unity
  artifactKey: Guid(1aac59f229cba3d4b87a1bd1970e34d6) Importer(815301076,1909f56bfc062723c751e8b465ee728b)
Start importing Assets/Bizulka/Witchs_house/Test_scene.unity using Guid(1aac59f229cba3d4b87a1bd1970e34d6) Importer(815301076,1909f56bfc062723c751e8b465ee728b)  -> (artifact id: 'bea94d2f1dbfa43c445c4af85092c3e3') in 0.013827 seconds 
  Import took 0.019623 seconds .

========================================================================
Received Import Request.
  Time since last request: 0.003550 seconds.
  path: Assets/Bizulka/Witchs_house/Test_scene.unity
  artifactKey: Guid(1aac59f229cba3d4b87a1bd1970e34d6) Importer(815301076,1909f56bfc062723c751e8b465ee728b)
Start importing Assets/Bizulka/Witchs_house/Test_scene.unity using Guid(1aac59f229cba3d4b87a1bd1970e34d6) Importer(815301076,1909f56bfc062723c751e8b465ee728b)  -> (artifact id: 'bea94d2f1dbfa43c445c4af85092c3e3') in 0.005493 seconds 
  Import took 0.009213 seconds .

========================================================================
Received Import Request.
  Time since last request: 106.045501 seconds.
  path: Assets/Scenes/SampleScene.unity
  artifactKey: Guid(9fc0d4010bbf28b4594072e72b8655ab) Importer(815301076,1909f56bfc062723c751e8b465ee728b)
Start importing Assets/Scenes/SampleScene.unity using Guid(9fc0d4010bbf28b4594072e72b8655ab) Importer(815301076,1909f56bfc062723c751e8b465ee728b)  -> (artifact id: 'c3f5ae0baac47052e9fc9bde14b5a86d') in 0.010913 seconds 
  Import took 0.015798 seconds .

========================================================================
Received Import Request.
  Time since last request: 5384.261037 seconds.
  path: Assets/Scenes/New Lighting Settings.lighting
  artifactKey: Guid(3a81c8ad962629c4895133fc0c94f8f7) Importer(815301076,1909f56bfc062723c751e8b465ee728b)
Start importing Assets/Scenes/New Lighting Settings.lighting using Guid(3a81c8ad962629c4895133fc0c94f8f7) Importer(815301076,1909f56bfc062723c751e8b465ee728b)  -> (artifact id: '7b2c2f0041623f30f089ea5573695328') in 0.044249 seconds 
  Import took 0.077533 seconds .

========================================================================
Received Import Request.
  Time since last request: 0.672850 seconds.
  path: Assets/Scenes/SampleScene.unity
  artifactKey: Guid(9fc0d4010bbf28b4594072e72b8655ab) Importer(815301076,1909f56bfc062723c751e8b465ee728b)
Start importing Assets/Scenes/SampleScene.unity using Guid(9fc0d4010bbf28b4594072e72b8655ab) Importer(815301076,1909f56bfc062723c751e8b465ee728b)  -> (artifact id: '9636cd82e35e64b689b820619df9360d') in 0.005998 seconds 
  Import took 0.010361 seconds .

AssetImportWorkerClient::OnTransportError - code=2 error=End of file
